[2026-06-21 09:30:08] DEBUG    Workspace Automation System: Database connection opened: C:\Users\sk600\Documents\WorkSpace Automation\WorkspaceManager\database\tasks.db
[2026-06-21 09:30:08] INFO     Workspace Automation System: [+] Database schema initialised successfully.
[2026-06-21 09:30:08] DEBUG    Workspace Automation System: Workspace 'coding' already has 3 items -- skipping import.
[2026-06-21 09:30:08] DEBUG    Workspace Automation System: Workspace 'embedded' already has 3 items -- skipping import.
[2026-06-21 09:30:08] DEBUG    Workspace Automation System: Workspace 'vlsi' already has 2 items -- skipping import.
[2026-06-21 09:30:08] DEBUG    Workspace Automation System: Workspace 'college' already has 3 items -- skipping import.
[2026-06-21 09:30:08] DEBUG    Workspace Automation System: Workspace 'hackathon' already has 5 items -- skipping import.
[2026-06-21 09:30:08] DEBUG    Workspace Automation System: JSON migration ran but no new workspaces were imported.
[2026-06-21 09:30:10] DEBUG    Workspace Automation System: Database connection opened: C:\Users\sk600\Documents\WorkSpace Automation\WorkspaceManager\database\tasks.db
[2026-06-21 09:30:10] INFO     Workspace Automation System: WorkspaceManager initialised.
[2026-06-21 09:30:10] DEBUG    Workspace Automation System: Database connection opened: C:\Users\sk600\Documents\WorkSpace Automation\WorkspaceManager\database\tasks.db
[2026-06-21 09:30:10] INFO     Workspace Automation System: TaskManager initialised.
[2026-06-21 09:30:10] INFO     Workspace Automation System: AppLauncher initialised with 10 registered apps.
[2026-06-21 09:30:10] DEBUG    Workspace Automation System: Database connection opened: C:\Users\sk600\Documents\WorkSpace Automation\WorkspaceManager\database\tasks.db
[2026-06-21 09:30:10] DEBUG    Workspace Automation System: list_all: returned 5 workspace(s).
[2026-06-21 09:30:10] DEBUG    Workspace Automation System: Logged command: 'list workspaces'
[2026-06-21 09:30:10] DEBUG    Workspace Automation System: list_pending: returned 0 task(s).
[2026-06-21 09:30:10] DEBUG    Workspace Automation System: Logged command: 'show tasks'
[2026-06-21 09:30:10] DEBUG    Workspace Automation System: Logged command: 'help'
[2026-06-21 09:30:26] DEBUG    Workspace Automation System: Database connection opened: C:\Users\sk600\Documents\WorkSpace Automation\WorkspaceManager\database\tasks.db
[2026-06-21 09:30:26] INFO     Workspace Automation System: [+] Database schema initialised successfully.
[2026-06-21 09:30:26] DEBUG    Workspace Automation System: Workspace 'coding' already has 3 items -- skipping import.
[2026-06-21 09:30:26] DEBUG    Workspace Automation System: Workspace 'embedded' already has 3 items -- skipping import.
[2026-06-21 09:30:26] DEBUG    Workspace Automation System: Workspace 'vlsi' already has 2 items -- skipping import.
[2026-06-21 09:30:26] DEBUG    Workspace Automation System: Workspace 'college' already has 3 items -- skipping import.
[2026-06-21 09:30:26] DEBUG    Workspace Automation System: Workspace 'hackathon' already has 5 items -- skipping import.
[2026-06-21 09:30:26] DEBUG    Workspace Automation System: JSON migration ran but no new workspaces were imported.
[2026-06-21 09:30:27] DEBUG    Workspace Automation System: Database connection opened: C:\Users\sk600\Documents\WorkSpace Automation\WorkspaceManager\database\tasks.db
[2026-06-21 09:30:27] INFO     Workspace Automation System: WorkspaceManager initialised.
[2026-06-21 09:30:27] DEBUG    Workspace Automation System: Database connection opened: C:\Users\sk600\Documents\WorkSpace Automation\WorkspaceManager\database\tasks.db
[2026-06-21 09:30:27] INFO     Workspace Automation System: TaskManager initialised.
[2026-06-21 09:30:27] INFO     Workspace Automation System: AppLauncher initialised with 10 registered apps.
[2026-06-21 09:30:27] DEBUG    Workspace Automation System: Database connection opened: C:\Users\sk600\Documents\WorkSpace Automation\WorkspaceManager\database\tasks.db
[2026-06-21 09:30:27] DEBUG    Workspace Automation System: Database connection opened: C:\Users\sk600\Documents\WorkSpace Automation\WorkspaceManager\database\tasks.db
[2026-06-21 09:30:30] DEBUG    Workspace Automation System: list_all: returned 5 workspace(s).
[2026-06-21 09:30:30] DEBUG    Workspace Automation System: list_all: returned 0 task(s).
[2026-06-21 09:30:30] DEBUG    Workspace Automation System: list_all: returned 5 workspace(s).
[2026-06-21 09:30:30] DEBUG    Workspace Automation System: list_all: returned 0 task(s).
[2026-06-21 09:30:30] DEBUG    Workspace Automation System: list_all: returned 5 workspace(s).
[2026-06-21 09:30:30] DEBUG    Workspace Automation System: list_all: returned 0 task(s).
[2026-06-21 09:30:30] DEBUG    Workspace Automation System: list_all: returned 5 workspace(s).
[2026-06-21 09:30:30] DEBUG    Workspace Automation System: list_all: returned 0 task(s).
[2026-06-21 09:33:15] DEBUG    Workspace Automation System: Database connection opened: C:\Users\sk600\Documents\WorkSpace Automation\WorkspaceManager\database\tasks.db
[2026-06-21 09:33:15] INFO     Workspace Automation System: [+] Database schema initialised successfully.
[2026-06-21 09:33:15] DEBUG    Workspace Automation System: Workspace 'coding' already has 3 items -- skipping import.
[2026-06-21 09:33:15] DEBUG    Workspace Automation System: Workspace 'embedded' already has 3 items -- skipping import.
[2026-06-21 09:33:15] DEBUG    Workspace Automation System: Workspace 'vlsi' already has 2 items -- skipping import.
[2026-06-21 09:33:15] DEBUG    Workspace Automation System: Workspace 'college' already has 3 items -- skipping import.
[2026-06-21 09:33:15] DEBUG    Workspace Automation System: Workspace 'hackathon' already has 5 items -- skipping import.
[2026-06-21 09:33:15] DEBUG    Workspace Automation System: JSON migration ran but no new workspaces were imported.
[2026-06-21 09:33:16] DEBUG    Workspace Automation System: Database connection opened: C:\Users\sk600\Documents\WorkSpace Automation\WorkspaceManager\database\tasks.db
[2026-06-21 09:33:16] INFO     Workspace Automation System: WorkspaceManager initialised.
[2026-06-21 09:33:16] DEBUG    Workspace Automation System: Database connection opened: C:\Users\sk600\Documents\WorkSpace Automation\WorkspaceManager\database\tasks.db
[2026-06-21 09:33:16] INFO     Workspace Automation System: TaskManager initialised.
[2026-06-21 09:33:16] INFO     Workspace Automation System: AppLauncher initialised with 10 registered apps.
[2026-06-21 09:33:16] DEBUG    Workspace Automation System: Database connection opened: C:\Users\sk600\Documents\WorkSpace Automation\WorkspaceManager\database\tasks.db
[2026-06-21 09:33:16] DEBUG    Workspace Automation System: get_by_name: no workspace named 'TestUpgrade'
[2026-06-21 09:33:16] INFO     Workspace Automation System: Workspace created: id=21, name='TestUpgrade', path=''
[2026-06-21 09:33:16] DEBUG    Workspace Automation System: Logged command: 'create workspace TestUpgrade'
[2026-06-21 09:33:16] INFO     Workspace Automation System: Task created: id=1, title='review pull request', priority='medium'
[2026-06-21 09:33:16] DEBUG    Workspace Automation System: Logged command: 'add task review pull request'
[2026-06-21 09:33:16] DEBUG    Workspace Automation System: list_pending: returned 1 task(s).
[2026-06-21 09:33:16] DEBUG    Workspace Automation System: Logged command: 'show tasks'
[2026-06-21 09:33:16] INFO     Workspace Automation System: Workspace deleted: id=21
[2026-06-21 09:33:16] DEBUG    Workspace Automation System: Logged command: 'delete workspace TestUpgrade'
